2020-12-04 10:14:47,283 [Worker-11] INFO  o.e.m.c.i.l.LifecycleMappingFactory - Using org.eclipse.m2e.jdt.JarLifecycleMapping lifecycle mapping for MavenProject: iss.soa:lightService:0.0.1-SNAPSHOT @ C:\Users\Alex\OneDrive - insa-toulouse.fr\Cours\5ISS\SOA\SOA_Project\Services\lightService\pom.xml.
2020-12-04 10:14:51,398 [Worker-11] INFO  o.e.m.c.i.embedder.EclipseLogger - Using 'UTF-8' encoding to copy filtered resources.
2020-12-04 10:14:51,403 [Worker-11] INFO  o.e.m.c.i.embedder.EclipseLogger - Copying 1 resource
2020-12-04 10:14:51,428 [Worker-11] INFO  o.e.m.c.i.embedder.EclipseLogger - Copying 0 resource
2020-12-04 10:14:51,431 [Worker-11] INFO  o.e.m.c.i.embedder.EclipseLogger - Using 'UTF-8' encoding to copy filtered resources.
2020-12-04 10:14:51,431 [Worker-11] INFO  o.e.m.c.i.embedder.EclipseLogger - skip non existing resourceDirectory C:\Users\Alex\OneDrive - insa-toulouse.fr\Cours\5ISS\SOA\SOA_Project\Services\lightService\src\test\resources
2020-12-04 10:14:52,382 [Worker-14] INFO  o.e.m.c.i.l.LifecycleMappingFactory - Using org.eclipse.m2e.jdt.JarLifecycleMapping lifecycle mapping for MavenProject: iss.soa:lightService:0.0.1-SNAPSHOT @ C:\Users\Alex\OneDrive - insa-toulouse.fr\Cours\5ISS\SOA\SOA_Project\Services\lightService\pom.xml.
2020-12-04 10:14:53,494 [Worker-20] INFO  o.e.m.c.i.embedder.EclipseLogger - Using 'UTF-8' encoding to copy filtered resources.
2020-12-04 10:14:53,499 [Worker-20] INFO  o.e.m.c.i.embedder.EclipseLogger - Copying 1 resource
2020-12-04 10:14:53,501 [Worker-20] INFO  o.e.m.c.i.embedder.EclipseLogger - Copying 0 resource
2020-12-04 10:14:53,504 [Worker-20] INFO  o.e.m.c.i.embedder.EclipseLogger - Using 'UTF-8' encoding to copy filtered resources.
2020-12-04 10:14:53,505 [Worker-20] INFO  o.e.m.c.i.embedder.EclipseLogger - skip non existing resourceDirectory C:\Users\Alex\OneDrive - insa-toulouse.fr\Cours\5ISS\SOA\SOA_Project\Services\lightService\src\test\resources
2020-12-04 10:19:51,270 [Worker-22] WARN  o.e.r.models.ModelRepository - Failed to download org.eclipse.recommenders:index::zip:0.0.0
org.eclipse.aether.resolution.ArtifactResolutionException: Could not find artifact org.eclipse.recommenders:index:zip:0.0.0-SNAPSHOT in models (http://download.eclipse.org/recommenders/models/neon/)
	at org.eclipse.aether.internal.impl.DefaultArtifactResolver.resolve(DefaultArtifactResolver.java:444) ~[na:na]
	at org.eclipse.aether.internal.impl.DefaultArtifactResolver.resolveArtifacts(DefaultArtifactResolver.java:246) ~[na:na]
	at org.eclipse.aether.internal.impl.DefaultArtifactResolver.resolveArtifact(DefaultArtifactResolver.java:223) ~[na:na]
	at org.eclipse.aether.internal.impl.DefaultRepositorySystem.resolveArtifact(DefaultRepositorySystem.java:294) ~[na:na]
	at org.eclipse.recommenders.models.ModelRepository.resolveInternal(ModelRepository.java:193) [org.eclipse.recommenders.models_2.4.6.v20170307-1041.jar:na]
	at org.eclipse.recommenders.models.ModelRepository.resolve(ModelRepository.java:172) [org.eclipse.recommenders.models_2.4.6.v20170307-1041.jar:na]
	at org.eclipse.recommenders.internal.models.rcp.EclipseModelRepository.resolve(EclipseModelRepository.java:169) [org.eclipse.recommenders.models.rcp_2.4.6.v20170307-1041.jar:na]
	at org.eclipse.recommenders.internal.models.rcp.DownloadModelArchiveJob.run(DownloadModelArchiveJob.java:76) [org.eclipse.recommenders.models.rcp_2.4.6.v20170307-1041.jar:na]
	at org.eclipse.core.internal.jobs.Worker.run(Worker.java:55) [org.eclipse.core.jobs_3.8.0.v20160509-0411.jar:na]
Caused by: org.eclipse.aether.transfer.ArtifactNotFoundException: Could not find artifact org.eclipse.recommenders:index:zip:0.0.0-SNAPSHOT in models (http://download.eclipse.org/recommenders/models/neon/)
	at org.eclipse.aether.connector.basic.ArtifactTransportListener.transferFailed(ArtifactTransportListener.java:39) ~[org.eclipse.aether.connector.basic_1.0.1.v20141111.jar:na]
	at org.eclipse.aether.connector.basic.BasicRepositoryConnector$TaskRunner.run(BasicRepositoryConnector.java:355) ~[org.eclipse.aether.connector.basic_1.0.1.v20141111.jar:na]
	at org.eclipse.aether.util.concurrency.RunnableErrorForwarder$1.run(RunnableErrorForwarder.java:67) ~[na:na]
	at org.eclipse.aether.connector.basic.BasicRepositoryConnector$DirectExecutor.execute(BasicRepositoryConnector.java:581) ~[org.eclipse.aether.connector.basic_1.0.1.v20141111.jar:na]
	at org.eclipse.aether.connector.basic.BasicRepositoryConnector.get(BasicRepositoryConnector.java:249) ~[org.eclipse.aether.connector.basic_1.0.1.v20141111.jar:na]
	at org.eclipse.aether.internal.impl.DefaultArtifactResolver.performDownloads(DefaultArtifactResolver.java:520) ~[na:na]
	at org.eclipse.aether.internal.impl.DefaultArtifactResolver.resolve(DefaultArtifactResolver.java:421) ~[na:na]
	... 8 common frames omitted
2020-12-04 10:21:05,018 [Worker-3] INFO  o.e.m.c.i.embedder.EclipseLogger - Using 'UTF-8' encoding to copy filtered resources.
2020-12-04 10:21:05,019 [Worker-3] INFO  o.e.m.c.i.embedder.EclipseLogger - Copying 1 resource
2020-12-04 10:21:05,021 [Worker-3] INFO  o.e.m.c.i.embedder.EclipseLogger - Copying 0 resource
2020-12-04 10:21:05,023 [Worker-3] INFO  o.e.m.c.i.embedder.EclipseLogger - Using 'UTF-8' encoding to copy filtered resources.
2020-12-04 10:21:05,023 [Worker-3] INFO  o.e.m.c.i.embedder.EclipseLogger - skip non existing resourceDirectory C:\Users\Alex\OneDrive - insa-toulouse.fr\Cours\5ISS\SOA\SOA_Project\Services\lightService\src\test\resources
2020-12-04 10:38:20,150 [Worker-29] INFO  o.e.m.c.i.embedder.EclipseLogger - Using 'UTF-8' encoding to copy filtered resources.
2020-12-04 10:38:20,151 [Worker-29] INFO  o.e.m.c.i.embedder.EclipseLogger - Copying 1 resource
2020-12-04 10:38:20,153 [Worker-29] INFO  o.e.m.c.i.embedder.EclipseLogger - Copying 0 resource
2020-12-04 10:38:20,155 [Worker-29] INFO  o.e.m.c.i.embedder.EclipseLogger - Using 'UTF-8' encoding to copy filtered resources.
2020-12-04 10:38:20,155 [Worker-29] INFO  o.e.m.c.i.embedder.EclipseLogger - skip non existing resourceDirectory C:\Users\Alex\OneDrive - insa-toulouse.fr\Cours\5ISS\SOA\SOA_Project\Services\lightService\src\test\resources
2020-12-04 10:43:47,642 [Worker-31] INFO  o.e.m.c.i.embedder.EclipseLogger - Using 'UTF-8' encoding to copy filtered resources.
2020-12-04 10:43:47,643 [Worker-31] INFO  o.e.m.c.i.embedder.EclipseLogger - Copying 1 resource
2020-12-04 10:43:47,645 [Worker-31] INFO  o.e.m.c.i.embedder.EclipseLogger - Copying 0 resource
2020-12-04 10:43:47,646 [Worker-31] INFO  o.e.m.c.i.embedder.EclipseLogger - Using 'UTF-8' encoding to copy filtered resources.
2020-12-04 10:43:47,646 [Worker-31] INFO  o.e.m.c.i.embedder.EclipseLogger - skip non existing resourceDirectory C:\Users\Alex\OneDrive - insa-toulouse.fr\Cours\5ISS\SOA\SOA_Project\Services\lightService\src\test\resources
2020-12-04 10:46:01,002 [Worker-22] INFO  o.e.m.c.i.embedder.EclipseLogger - Using 'UTF-8' encoding to copy filtered resources.
2020-12-04 10:46:01,003 [Worker-22] INFO  o.e.m.c.i.embedder.EclipseLogger - Copying 1 resource
2020-12-04 10:46:01,005 [Worker-22] INFO  o.e.m.c.i.embedder.EclipseLogger - Copying 0 resource
2020-12-04 10:46:01,007 [Worker-22] INFO  o.e.m.c.i.embedder.EclipseLogger - Using 'UTF-8' encoding to copy filtered resources.
2020-12-04 10:46:01,007 [Worker-22] INFO  o.e.m.c.i.embedder.EclipseLogger - skip non existing resourceDirectory C:\Users\Alex\OneDrive - insa-toulouse.fr\Cours\5ISS\SOA\SOA_Project\Services\lightService\src\test\resources
2020-12-04 10:46:11,518 [Worker-28] INFO  o.e.m.c.i.embedder.EclipseLogger - Using 'UTF-8' encoding to copy filtered resources.
2020-12-04 10:46:11,519 [Worker-28] INFO  o.e.m.c.i.embedder.EclipseLogger - Copying 1 resource
2020-12-04 10:46:11,520 [Worker-28] INFO  o.e.m.c.i.embedder.EclipseLogger - Copying 0 resource
2020-12-04 10:46:11,523 [Worker-28] INFO  o.e.m.c.i.embedder.EclipseLogger - Using 'UTF-8' encoding to copy filtered resources.
2020-12-04 10:46:11,523 [Worker-28] INFO  o.e.m.c.i.embedder.EclipseLogger - skip non existing resourceDirectory C:\Users\Alex\OneDrive - insa-toulouse.fr\Cours\5ISS\SOA\SOA_Project\Services\lightService\src\test\resources
2020-12-04 10:47:10,582 [Worker-26] INFO  o.e.m.c.i.embedder.EclipseLogger - Using 'UTF-8' encoding to copy filtered resources.
2020-12-04 10:47:10,582 [Worker-26] INFO  o.e.m.c.i.embedder.EclipseLogger - Copying 1 resource
2020-12-04 10:47:10,584 [Worker-26] INFO  o.e.m.c.i.embedder.EclipseLogger - Copying 0 resource
2020-12-04 10:47:10,588 [Worker-26] INFO  o.e.m.c.i.embedder.EclipseLogger - Using 'UTF-8' encoding to copy filtered resources.
2020-12-04 10:47:10,588 [Worker-26] INFO  o.e.m.c.i.embedder.EclipseLogger - skip non existing resourceDirectory C:\Users\Alex\OneDrive - insa-toulouse.fr\Cours\5ISS\SOA\SOA_Project\Services\lightService\src\test\resources
2020-12-04 10:48:44,179 [Worker-27] INFO  o.e.m.c.i.embedder.EclipseLogger - Using 'UTF-8' encoding to copy filtered resources.
2020-12-04 10:48:44,180 [Worker-27] INFO  o.e.m.c.i.embedder.EclipseLogger - Copying 1 resource
2020-12-04 10:48:44,182 [Worker-27] INFO  o.e.m.c.i.embedder.EclipseLogger - Copying 0 resource
2020-12-04 10:48:44,184 [Worker-27] INFO  o.e.m.c.i.embedder.EclipseLogger - Using 'UTF-8' encoding to copy filtered resources.
2020-12-04 10:48:44,184 [Worker-27] INFO  o.e.m.c.i.embedder.EclipseLogger - skip non existing resourceDirectory C:\Users\Alex\OneDrive - insa-toulouse.fr\Cours\5ISS\SOA\SOA_Project\Services\lightService\src\test\resources
2020-12-04 10:50:15,959 [Worker-28] INFO  o.e.m.c.i.embedder.EclipseLogger - Using 'UTF-8' encoding to copy filtered resources.
2020-12-04 10:50:15,959 [Worker-28] INFO  o.e.m.c.i.embedder.EclipseLogger - Copying 1 resource
2020-12-04 10:50:15,961 [Worker-28] INFO  o.e.m.c.i.embedder.EclipseLogger - Copying 0 resource
2020-12-04 10:50:15,963 [Worker-28] INFO  o.e.m.c.i.embedder.EclipseLogger - Using 'UTF-8' encoding to copy filtered resources.
2020-12-04 10:50:15,963 [Worker-28] INFO  o.e.m.c.i.embedder.EclipseLogger - skip non existing resourceDirectory C:\Users\Alex\OneDrive - insa-toulouse.fr\Cours\5ISS\SOA\SOA_Project\Services\lightService\src\test\resources
2020-12-04 11:08:48,728 [Worker-44] INFO  o.e.m.c.i.embedder.EclipseLogger - Using 'UTF-8' encoding to copy filtered resources.
2020-12-04 11:08:48,729 [Worker-44] INFO  o.e.m.c.i.embedder.EclipseLogger - Copying 1 resource
2020-12-04 11:08:48,731 [Worker-44] INFO  o.e.m.c.i.embedder.EclipseLogger - Copying 0 resource
2020-12-04 11:08:48,733 [Worker-44] INFO  o.e.m.c.i.embedder.EclipseLogger - Using 'UTF-8' encoding to copy filtered resources.
2020-12-04 11:08:48,733 [Worker-44] INFO  o.e.m.c.i.embedder.EclipseLogger - skip non existing resourceDirectory C:\Users\Alex\OneDrive - insa-toulouse.fr\Cours\5ISS\SOA\SOA_Project\Services\lightService\src\test\resources
2020-12-04 11:19:05,723 [Worker-51] INFO  o.e.m.c.i.embedder.EclipseLogger - Using 'UTF-8' encoding to copy filtered resources.
2020-12-04 11:19:05,724 [Worker-51] INFO  o.e.m.c.i.embedder.EclipseLogger - Copying 1 resource
2020-12-04 11:19:05,726 [Worker-51] INFO  o.e.m.c.i.embedder.EclipseLogger - Copying 0 resource
2020-12-04 11:19:05,728 [Worker-51] INFO  o.e.m.c.i.embedder.EclipseLogger - Using 'UTF-8' encoding to copy filtered resources.
2020-12-04 11:19:05,728 [Worker-51] INFO  o.e.m.c.i.embedder.EclipseLogger - skip non existing resourceDirectory C:\Users\Alex\OneDrive - insa-toulouse.fr\Cours\5ISS\SOA\SOA_Project\Services\lightService\src\test\resources
2020-12-04 11:24:49,094 [Worker-56] INFO  o.e.m.c.i.embedder.EclipseLogger - Using 'UTF-8' encoding to copy filtered resources.
2020-12-04 11:24:49,095 [Worker-56] INFO  o.e.m.c.i.embedder.EclipseLogger - Copying 1 resource
2020-12-04 11:24:49,097 [Worker-56] INFO  o.e.m.c.i.embedder.EclipseLogger - Copying 0 resource
2020-12-04 11:24:49,099 [Worker-56] INFO  o.e.m.c.i.embedder.EclipseLogger - Using 'UTF-8' encoding to copy filtered resources.
2020-12-04 11:24:49,099 [Worker-56] INFO  o.e.m.c.i.embedder.EclipseLogger - skip non existing resourceDirectory C:\Users\Alex\OneDrive - insa-toulouse.fr\Cours\5ISS\SOA\SOA_Project\Services\lightService\src\test\resources
2020-12-04 11:28:05,152 [Worker-58] INFO  o.e.m.c.i.embedder.EclipseLogger - Using 'UTF-8' encoding to copy filtered resources.
2020-12-04 11:28:05,153 [Worker-58] INFO  o.e.m.c.i.embedder.EclipseLogger - Copying 1 resource
2020-12-04 11:28:05,155 [Worker-58] INFO  o.e.m.c.i.embedder.EclipseLogger - Copying 0 resource
2020-12-04 11:28:05,157 [Worker-58] INFO  o.e.m.c.i.embedder.EclipseLogger - Using 'UTF-8' encoding to copy filtered resources.
2020-12-04 11:28:05,157 [Worker-58] INFO  o.e.m.c.i.embedder.EclipseLogger - skip non existing resourceDirectory C:\Users\Alex\OneDrive - insa-toulouse.fr\Cours\5ISS\SOA\SOA_Project\Services\lightService\src\test\resources
2020-12-04 11:28:56,887 [Worker-59] INFO  o.e.m.c.i.embedder.EclipseLogger - Using 'UTF-8' encoding to copy filtered resources.
2020-12-04 11:28:56,887 [Worker-59] INFO  o.e.m.c.i.embedder.EclipseLogger - Copying 1 resource
2020-12-04 11:28:56,889 [Worker-59] INFO  o.e.m.c.i.embedder.EclipseLogger - Copying 0 resource
2020-12-04 11:28:56,890 [Worker-59] INFO  o.e.m.c.i.embedder.EclipseLogger - Using 'UTF-8' encoding to copy filtered resources.
2020-12-04 11:28:56,891 [Worker-59] INFO  o.e.m.c.i.embedder.EclipseLogger - skip non existing resourceDirectory C:\Users\Alex\OneDrive - insa-toulouse.fr\Cours\5ISS\SOA\SOA_Project\Services\lightService\src\test\resources
2020-12-08 16:05:37,280 [Worker-5] INFO  o.e.m.c.i.embedder.EclipseLogger - Using 'UTF-8' encoding to copy filtered resources.
2020-12-08 16:05:37,287 [Worker-5] INFO  o.e.m.c.i.embedder.EclipseLogger - Copying 1 resource
2020-12-08 16:05:37,300 [Worker-5] INFO  o.e.m.c.i.embedder.EclipseLogger - Copying 0 resource
2020-12-08 16:05:37,303 [Worker-5] INFO  o.e.m.c.i.embedder.EclipseLogger - Using 'UTF-8' encoding to copy filtered resources.
2020-12-08 16:05:37,303 [Worker-5] INFO  o.e.m.c.i.embedder.EclipseLogger - skip non existing resourceDirectory C:\Users\Alex\OneDrive - insa-toulouse.fr\Cours\5ISS\SOA\SOA_Project\Services\lightService\src\test\resources
2020-12-08 16:09:07,889 [Worker-23] WARN  o.e.r.models.ModelRepository - Failed to download org.eclipse.recommenders:index::zip:0.0.0
org.eclipse.aether.resolution.ArtifactResolutionException: Could not find artifact org.eclipse.recommenders:index:zip:0.0.0-SNAPSHOT in models (http://download.eclipse.org/recommenders/models/neon/)
	at org.eclipse.aether.internal.impl.DefaultArtifactResolver.resolve(DefaultArtifactResolver.java:444) ~[na:na]
	at org.eclipse.aether.internal.impl.DefaultArtifactResolver.resolveArtifacts(DefaultArtifactResolver.java:246) ~[na:na]
	at org.eclipse.aether.internal.impl.DefaultArtifactResolver.resolveArtifact(DefaultArtifactResolver.java:223) ~[na:na]
	at org.eclipse.aether.internal.impl.DefaultRepositorySystem.resolveArtifact(DefaultRepositorySystem.java:294) ~[na:na]
	at org.eclipse.recommenders.models.ModelRepository.resolveInternal(ModelRepository.java:193) [org.eclipse.recommenders.models_2.4.6.v20170307-1041.jar:na]
	at org.eclipse.recommenders.models.ModelRepository.resolve(ModelRepository.java:172) [org.eclipse.recommenders.models_2.4.6.v20170307-1041.jar:na]
	at org.eclipse.recommenders.internal.models.rcp.EclipseModelRepository.resolve(EclipseModelRepository.java:169) [org.eclipse.recommenders.models.rcp_2.4.6.v20170307-1041.jar:na]
	at org.eclipse.recommenders.internal.models.rcp.DownloadModelArchiveJob.run(DownloadModelArchiveJob.java:76) [org.eclipse.recommenders.models.rcp_2.4.6.v20170307-1041.jar:na]
	at org.eclipse.core.internal.jobs.Worker.run(Worker.java:55) [org.eclipse.core.jobs_3.8.0.v20160509-0411.jar:na]
Caused by: org.eclipse.aether.transfer.ArtifactNotFoundException: Could not find artifact org.eclipse.recommenders:index:zip:0.0.0-SNAPSHOT in models (http://download.eclipse.org/recommenders/models/neon/)
	at org.eclipse.aether.connector.basic.ArtifactTransportListener.transferFailed(ArtifactTransportListener.java:39) ~[org.eclipse.aether.connector.basic_1.0.1.v20141111.jar:na]
	at org.eclipse.aether.connector.basic.BasicRepositoryConnector$TaskRunner.run(BasicRepositoryConnector.java:355) ~[org.eclipse.aether.connector.basic_1.0.1.v20141111.jar:na]
	at org.eclipse.aether.util.concurrency.RunnableErrorForwarder$1.run(RunnableErrorForwarder.java:67) ~[na:na]
	at org.eclipse.aether.connector.basic.BasicRepositoryConnector$DirectExecutor.execute(BasicRepositoryConnector.java:581) ~[org.eclipse.aether.connector.basic_1.0.1.v20141111.jar:na]
	at org.eclipse.aether.connector.basic.BasicRepositoryConnector.get(BasicRepositoryConnector.java:249) ~[org.eclipse.aether.connector.basic_1.0.1.v20141111.jar:na]
	at org.eclipse.aether.internal.impl.DefaultArtifactResolver.performDownloads(DefaultArtifactResolver.java:520) ~[na:na]
	at org.eclipse.aether.internal.impl.DefaultArtifactResolver.resolve(DefaultArtifactResolver.java:421) ~[na:na]
	... 8 common frames omitted
2020-12-08 16:18:36,078 [Worker-34] INFO  o.e.m.c.i.embedder.EclipseLogger - Using 'UTF-8' encoding to copy filtered resources.
2020-12-08 16:18:36,082 [Worker-34] INFO  o.e.m.c.i.embedder.EclipseLogger - Copying 1 resource
2020-12-08 16:18:36,089 [Worker-34] INFO  o.e.m.c.i.embedder.EclipseLogger - Copying 0 resource
2020-12-08 16:18:36,091 [Worker-34] INFO  o.e.m.c.i.embedder.EclipseLogger - Using 'UTF-8' encoding to copy filtered resources.
2020-12-08 16:18:36,091 [Worker-34] INFO  o.e.m.c.i.embedder.EclipseLogger - skip non existing resourceDirectory C:\Users\Alex\OneDrive - insa-toulouse.fr\Cours\5ISS\SOA\SOA_Project\Services\lightService\src\test\resources
2020-12-08 16:22:57,576 [Worker-39] INFO  o.e.m.c.i.embedder.EclipseLogger - Using 'UTF-8' encoding to copy filtered resources.
2020-12-08 16:22:57,578 [Worker-39] INFO  o.e.m.c.i.embedder.EclipseLogger - Copying 1 resource
2020-12-08 16:22:57,580 [Worker-39] INFO  o.e.m.c.i.embedder.EclipseLogger - Copying 0 resource
2020-12-08 16:22:57,583 [Worker-39] INFO  o.e.m.c.i.embedder.EclipseLogger - Using 'UTF-8' encoding to copy filtered resources.
2020-12-08 16:22:57,583 [Worker-39] INFO  o.e.m.c.i.embedder.EclipseLogger - skip non existing resourceDirectory C:\Users\Alex\OneDrive - insa-toulouse.fr\Cours\5ISS\SOA\SOA_Project\Services\lightService\src\test\resources
2020-12-08 16:25:03,654 [Worker-42] INFO  o.e.m.c.i.embedder.EclipseLogger - Using 'UTF-8' encoding to copy filtered resources.
2020-12-08 16:25:03,655 [Worker-42] INFO  o.e.m.c.i.embedder.EclipseLogger - Copying 1 resource
2020-12-08 16:25:03,656 [Worker-42] INFO  o.e.m.c.i.embedder.EclipseLogger - Copying 0 resource
2020-12-08 16:25:03,658 [Worker-42] INFO  o.e.m.c.i.embedder.EclipseLogger - Using 'UTF-8' encoding to copy filtered resources.
2020-12-08 16:25:03,658 [Worker-42] INFO  o.e.m.c.i.embedder.EclipseLogger - skip non existing resourceDirectory C:\Users\Alex\OneDrive - insa-toulouse.fr\Cours\5ISS\SOA\SOA_Project\Services\lightService\src\test\resources
2020-12-08 16:25:38,907 [Worker-5] INFO  o.e.m.c.i.embedder.EclipseLogger - Using 'UTF-8' encoding to copy filtered resources.
2020-12-08 16:25:38,908 [Worker-5] INFO  o.e.m.c.i.embedder.EclipseLogger - Copying 1 resource
2020-12-08 16:25:38,910 [Worker-5] INFO  o.e.m.c.i.embedder.EclipseLogger - Copying 0 resource
2020-12-08 16:25:38,912 [Worker-5] INFO  o.e.m.c.i.embedder.EclipseLogger - Using 'UTF-8' encoding to copy filtered resources.
2020-12-08 16:25:38,912 [Worker-5] INFO  o.e.m.c.i.embedder.EclipseLogger - skip non existing resourceDirectory C:\Users\Alex\OneDrive - insa-toulouse.fr\Cours\5ISS\SOA\SOA_Project\Services\lightService\src\test\resources
2020-12-08 16:31:10,660 [Worker-46] INFO  o.e.m.c.i.embedder.EclipseLogger - Using 'UTF-8' encoding to copy filtered resources.
2020-12-08 16:31:10,661 [Worker-46] INFO  o.e.m.c.i.embedder.EclipseLogger - Copying 1 resource
2020-12-08 16:31:10,663 [Worker-46] INFO  o.e.m.c.i.embedder.EclipseLogger - Copying 0 resource
2020-12-08 16:31:10,665 [Worker-46] INFO  o.e.m.c.i.embedder.EclipseLogger - Using 'UTF-8' encoding to copy filtered resources.
2020-12-08 16:31:10,666 [Worker-46] INFO  o.e.m.c.i.embedder.EclipseLogger - skip non existing resourceDirectory C:\Users\Alex\OneDrive - insa-toulouse.fr\Cours\5ISS\SOA\SOA_Project\Services\lightService\src\test\resources
2020-12-08 16:41:10,724 [Worker-51] INFO  o.e.m.c.i.embedder.EclipseLogger - Using 'UTF-8' encoding to copy filtered resources.
2020-12-08 16:41:10,725 [Worker-51] INFO  o.e.m.c.i.embedder.EclipseLogger - Copying 1 resource
2020-12-08 16:41:10,727 [Worker-51] INFO  o.e.m.c.i.embedder.EclipseLogger - Copying 0 resource
2020-12-08 16:41:10,729 [Worker-51] INFO  o.e.m.c.i.embedder.EclipseLogger - Using 'UTF-8' encoding to copy filtered resources.
2020-12-08 16:41:10,729 [Worker-51] INFO  o.e.m.c.i.embedder.EclipseLogger - skip non existing resourceDirectory C:\Users\Alex\OneDrive - insa-toulouse.fr\Cours\5ISS\SOA\SOA_Project\Services\lightService\src\test\resources
2020-12-08 16:54:44,776 [Worker-59] INFO  o.e.m.c.i.embedder.EclipseLogger - Using 'UTF-8' encoding to copy filtered resources.
2020-12-08 16:54:44,777 [Worker-59] INFO  o.e.m.c.i.embedder.EclipseLogger - Copying 1 resource
2020-12-08 16:54:44,779 [Worker-59] INFO  o.e.m.c.i.embedder.EclipseLogger - Copying 0 resource
2020-12-08 16:54:44,782 [Worker-59] INFO  o.e.m.c.i.embedder.EclipseLogger - Using 'UTF-8' encoding to copy filtered resources.
2020-12-08 16:54:44,783 [Worker-59] INFO  o.e.m.c.i.embedder.EclipseLogger - skip non existing resourceDirectory C:\Users\Alex\OneDrive - insa-toulouse.fr\Cours\5ISS\SOA\SOA_Project\Services\lightService\src\test\resources
2020-12-08 16:55:27,498 [Worker-62] INFO  o.e.m.c.i.embedder.EclipseLogger - Using 'UTF-8' encoding to copy filtered resources.
2020-12-08 16:55:27,498 [Worker-62] INFO  o.e.m.c.i.embedder.EclipseLogger - Copying 1 resource
2020-12-08 16:55:27,500 [Worker-62] INFO  o.e.m.c.i.embedder.EclipseLogger - Copying 0 resource
2020-12-08 16:55:27,502 [Worker-62] INFO  o.e.m.c.i.embedder.EclipseLogger - Using 'UTF-8' encoding to copy filtered resources.
2020-12-08 16:55:27,502 [Worker-62] INFO  o.e.m.c.i.embedder.EclipseLogger - skip non existing resourceDirectory C:\Users\Alex\OneDrive - insa-toulouse.fr\Cours\5ISS\SOA\SOA_Project\Services\lightService\src\test\resources
2020-12-08 16:56:45,870 [Worker-57] INFO  o.e.m.c.i.embedder.EclipseLogger - Using 'UTF-8' encoding to copy filtered resources.
2020-12-08 16:56:45,871 [Worker-57] INFO  o.e.m.c.i.embedder.EclipseLogger - Copying 1 resource
2020-12-08 16:56:45,873 [Worker-57] INFO  o.e.m.c.i.embedder.EclipseLogger - Copying 0 resource
2020-12-08 16:56:45,875 [Worker-57] INFO  o.e.m.c.i.embedder.EclipseLogger - Using 'UTF-8' encoding to copy filtered resources.
2020-12-08 16:56:45,876 [Worker-57] INFO  o.e.m.c.i.embedder.EclipseLogger - skip non existing resourceDirectory C:\Users\Alex\OneDrive - insa-toulouse.fr\Cours\5ISS\SOA\SOA_Project\Services\lightService\src\test\resources
2020-12-08 16:57:34,563 [Worker-63] INFO  o.e.m.c.i.embedder.EclipseLogger - Using 'UTF-8' encoding to copy filtered resources.
2020-12-08 16:57:34,564 [Worker-63] INFO  o.e.m.c.i.embedder.EclipseLogger - Copying 1 resource
2020-12-08 16:57:34,566 [Worker-63] INFO  o.e.m.c.i.embedder.EclipseLogger - Copying 0 resource
2020-12-08 16:57:34,569 [Worker-63] INFO  o.e.m.c.i.embedder.EclipseLogger - Using 'UTF-8' encoding to copy filtered resources.
2020-12-08 16:57:34,569 [Worker-63] INFO  o.e.m.c.i.embedder.EclipseLogger - skip non existing resourceDirectory C:\Users\Alex\OneDrive - insa-toulouse.fr\Cours\5ISS\SOA\SOA_Project\Services\lightService\src\test\resources
2020-12-08 16:58:20,331 [Worker-48] INFO  o.e.m.c.i.embedder.EclipseLogger - Using 'UTF-8' encoding to copy filtered resources.
2020-12-08 16:58:20,332 [Worker-48] INFO  o.e.m.c.i.embedder.EclipseLogger - Copying 1 resource
2020-12-08 16:58:20,336 [Worker-48] INFO  o.e.m.c.i.embedder.EclipseLogger - Copying 0 resource
2020-12-08 16:58:20,340 [Worker-48] INFO  o.e.m.c.i.embedder.EclipseLogger - Using 'UTF-8' encoding to copy filtered resources.
2020-12-08 16:58:20,340 [Worker-48] INFO  o.e.m.c.i.embedder.EclipseLogger - skip non existing resourceDirectory C:\Users\Alex\OneDrive - insa-toulouse.fr\Cours\5ISS\SOA\SOA_Project\Services\lightService\src\test\resources
2020-12-08 17:03:07,060 [Worker-65] INFO  o.e.m.c.i.embedder.EclipseLogger - Using 'UTF-8' encoding to copy filtered resources.
2020-12-08 17:03:07,061 [Worker-65] INFO  o.e.m.c.i.embedder.EclipseLogger - Copying 1 resource
2020-12-08 17:03:07,063 [Worker-65] INFO  o.e.m.c.i.embedder.EclipseLogger - Copying 0 resource
2020-12-08 17:03:07,065 [Worker-65] INFO  o.e.m.c.i.embedder.EclipseLogger - Using 'UTF-8' encoding to copy filtered resources.
2020-12-08 17:03:07,065 [Worker-65] INFO  o.e.m.c.i.embedder.EclipseLogger - skip non existing resourceDirectory C:\Users\Alex\OneDrive - insa-toulouse.fr\Cours\5ISS\SOA\SOA_Project\Services\lightService\src\test\resources
2020-12-08 17:07:28,455 [Worker-68] INFO  o.e.m.c.i.embedder.EclipseLogger - Using 'UTF-8' encoding to copy filtered resources.
2020-12-08 17:07:28,455 [Worker-68] INFO  o.e.m.c.i.embedder.EclipseLogger - Copying 1 resource
2020-12-08 17:07:28,457 [Worker-68] INFO  o.e.m.c.i.embedder.EclipseLogger - Copying 0 resource
2020-12-08 17:07:28,459 [Worker-68] INFO  o.e.m.c.i.embedder.EclipseLogger - Using 'UTF-8' encoding to copy filtered resources.
2020-12-08 17:07:28,460 [Worker-68] INFO  o.e.m.c.i.embedder.EclipseLogger - skip non existing resourceDirectory C:\Users\Alex\OneDrive - insa-toulouse.fr\Cours\5ISS\SOA\SOA_Project\Services\lightService\src\test\resources
2020-12-08 17:08:36,636 [Worker-65] INFO  o.e.m.c.i.embedder.EclipseLogger - Using 'UTF-8' encoding to copy filtered resources.
2020-12-08 17:08:36,637 [Worker-65] INFO  o.e.m.c.i.embedder.EclipseLogger - Copying 1 resource
2020-12-08 17:08:36,639 [Worker-65] INFO  o.e.m.c.i.embedder.EclipseLogger - Copying 0 resource
2020-12-08 17:08:36,641 [Worker-65] INFO  o.e.m.c.i.embedder.EclipseLogger - Using 'UTF-8' encoding to copy filtered resources.
2020-12-08 17:08:36,641 [Worker-65] INFO  o.e.m.c.i.embedder.EclipseLogger - skip non existing resourceDirectory C:\Users\Alex\OneDrive - insa-toulouse.fr\Cours\5ISS\SOA\SOA_Project\Services\lightService\src\test\resources
2020-12-08 17:11:30,282 [Worker-68] INFO  o.e.m.c.i.embedder.EclipseLogger - Using 'UTF-8' encoding to copy filtered resources.
2020-12-08 17:11:30,283 [Worker-68] INFO  o.e.m.c.i.embedder.EclipseLogger - Copying 1 resource
2020-12-08 17:11:30,286 [Worker-68] INFO  o.e.m.c.i.embedder.EclipseLogger - Copying 0 resource
2020-12-08 17:11:30,290 [Worker-68] INFO  o.e.m.c.i.embedder.EclipseLogger - Using 'UTF-8' encoding to copy filtered resources.
2020-12-08 17:11:30,291 [Worker-68] INFO  o.e.m.c.i.embedder.EclipseLogger - skip non existing resourceDirectory C:\Users\Alex\OneDrive - insa-toulouse.fr\Cours\5ISS\SOA\SOA_Project\Services\lightService\src\test\resources
2020-12-08 17:15:44,846 [Worker-68] INFO  o.e.m.c.i.embedder.EclipseLogger - Using 'UTF-8' encoding to copy filtered resources.
2020-12-08 17:15:44,847 [Worker-68] INFO  o.e.m.c.i.embedder.EclipseLogger - Copying 1 resource
2020-12-08 17:15:44,849 [Worker-68] INFO  o.e.m.c.i.embedder.EclipseLogger - Copying 0 resource
2020-12-08 17:15:44,851 [Worker-68] INFO  o.e.m.c.i.embedder.EclipseLogger - Using 'UTF-8' encoding to copy filtered resources.
2020-12-08 17:15:44,851 [Worker-68] INFO  o.e.m.c.i.embedder.EclipseLogger - skip non existing resourceDirectory C:\Users\Alex\OneDrive - insa-toulouse.fr\Cours\5ISS\SOA\SOA_Project\Services\lightService\src\test\resources
2020-12-08 17:15:53,605 [Worker-75] INFO  o.e.m.c.i.embedder.EclipseLogger - Using 'UTF-8' encoding to copy filtered resources.
2020-12-08 17:15:53,605 [Worker-75] INFO  o.e.m.c.i.embedder.EclipseLogger - Copying 1 resource
2020-12-08 17:15:53,607 [Worker-75] INFO  o.e.m.c.i.embedder.EclipseLogger - Copying 0 resource
2020-12-08 17:15:53,609 [Worker-75] INFO  o.e.m.c.i.embedder.EclipseLogger - Using 'UTF-8' encoding to copy filtered resources.
2020-12-08 17:15:53,609 [Worker-75] INFO  o.e.m.c.i.embedder.EclipseLogger - skip non existing resourceDirectory C:\Users\Alex\OneDrive - insa-toulouse.fr\Cours\5ISS\SOA\SOA_Project\Services\lightService\src\test\resources
2020-12-08 17:36:33,461 [Worker-91] INFO  o.e.m.c.i.embedder.EclipseLogger - Using 'UTF-8' encoding to copy filtered resources.
2020-12-08 17:36:33,462 [Worker-91] INFO  o.e.m.c.i.embedder.EclipseLogger - Copying 1 resource
2020-12-08 17:36:33,465 [Worker-91] INFO  o.e.m.c.i.embedder.EclipseLogger - Copying 0 resource
2020-12-08 17:36:33,466 [Worker-91] INFO  o.e.m.c.i.embedder.EclipseLogger - Using 'UTF-8' encoding to copy filtered resources.
2020-12-08 17:36:33,467 [Worker-91] INFO  o.e.m.c.i.embedder.EclipseLogger - skip non existing resourceDirectory C:\Users\Alex\OneDrive - insa-toulouse.fr\Cours\5ISS\SOA\SOA_Project\Services\lightService\src\test\resources
